This file contains any messages produced by compilers while
running configure, to aid debugging if configure makes a mistake.

It was created by configure, which was
generated by GNU Autoconf 2.69.  Invocation command line was

  $ ./configure --with-gsl=/usr/

## --------- ##
## Platform. ##
## --------- ##

hostname = localhost.localdomain
uname -m = x86_64
uname -r = 3.10.0-957.27.2.el7.x86_64
uname -s = Linux
uname -v = #1 SMP Mon Jul 29 17:46:05 UTC 2019

/usr/bin/uname -p = x86_64
/bin/uname -X     = unknown

/bin/arch              = x86_64
/usr/bin/arch -k       = unknown
/usr/convex/getsysinfo = unknown
/usr/bin/hostinfo      = unknown
/bin/machine           = unknown
/usr/bin/oslevel       = unknown
/bin/universe          = unknown

PATH: /home/wzyu/home/wzyu/FastQC
PATH: /home/zilhua/software/perl-5.28.0/bin
PATH: ~/anaconda2/bin
PATH: /home/wzyu/anaconda2/bin
PATH: /RNA-data/Biosoft/iftop-1.0pre4/local/sbin
PATH: /home/luhan/bowtie2-2.1.0/bin
PATH: /usr/local/bin
PATH: /usr/bin
PATH: /usr/local/sbin
PATH: /usr/sbin
PATH: /home/luhan/mpich/bin
PATH: ./samtools-0.1.19/
PATH: /home/wzyu/.local/bin
PATH: /home/wzyu/bin
PATH: /usr/local/mpi/bin


## ----------- ##
## Core tests. ##
## ----------- ##

configure:2122: checking for g++
configure:2138: found /usr/bin/g++
configure:2149: result: g++
configure:2176: checking for C++ compiler version
configure:2185: g++ --version >&5
g++ (GCC) 4.8.5 20150623 (Red Hat 4.8.5-39)
Copyright (C) 2015 Free Software Foundation, Inc.
This is free software; see the source for copying conditions.  There is NO
warranty; not even for MERCHANTABILITY or FITNESS FOR A PARTICULAR PURPOSE.

configure:2196: $? = 0
configure:2185: g++ -v >&5
Using built-in specs.
COLLECT_GCC=g++
COLLECT_LTO_WRAPPER=/usr/libexec/gcc/x86_64-redhat-linux/4.8.5/lto-wrapper
Target: x86_64-redhat-linux
Configured with: ../configure --prefix=/usr --mandir=/usr/share/man --infodir=/usr/share/info --with-bugurl=http://bugzilla.redhat.com/bugzilla --enable-bootstrap --enable-shared --enable-threads=posix --enable-checking=release --with-system-zlib --enable-__cxa_atexit --disable-libunwind-exceptions --enable-gnu-unique-object --enable-linker-build-id --with-linker-hash-style=gnu --enable-languages=c,c++,objc,obj-c++,java,fortran,ada,go,lto --enable-plugin --enable-initfini-array --disable-libgcj --with-isl=/builddir/build/BUILD/gcc-4.8.5-20150702/obj-x86_64-redhat-linux/isl-install --with-cloog=/builddir/build/BUILD/gcc-4.8.5-20150702/obj-x86_64-redhat-linux/cloog-install --enable-gnu-indirect-function --with-tune=generic --with-arch_32=x86-64 --build=x86_64-redhat-linux
Thread model: posix
gcc version 4.8.5 20150623 (Red Hat 4.8.5-39) (GCC) 
configure:2196: $? = 0
configure:2185: g++ -V >&5
g++: error: unrecognized command line option '-V'
g++: fatal error: no input files
compilation terminated.
configure:2196: $? = 4
configure:2185: g++ -qversion >&5
g++: error: unrecognized command line option '-qversion'
g++: fatal error: no input files
compilation terminated.
configure:2196: $? = 4
configure:2216: checking whether the C++ compiler works
configure:2238: g++    conftest.cpp  >&5
configure:2242: $? = 0
configure:2290: result: yes
configure:2293: checking for C++ compiler default output file name
configure:2295: result: a.out
configure:2301: checking for suffix of executables
configure:2308: g++ -o conftest    conftest.cpp  >&5
configure:2312: $? = 0
configure:2334: result: 
configure:2356: checking whether we are cross compiling
configure:2364: g++ -o conftest    conftest.cpp  >&5
configure:2368: $? = 0
configure:2375: ./conftest
configure:2379: $? = 0
configure:2394: result: no
configure:2399: checking for suffix of object files
configure:2421: g++ -c   conftest.cpp >&5
configure:2425: $? = 0
configure:2446: result: o
configure:2450: checking whether we are using the GNU C++ compiler
configure:2469: g++ -c   conftest.cpp >&5
configure:2469: $? = 0
configure:2478: result: yes
configure:2487: checking whether g++ accepts -g
configure:2507: g++ -c -g  conftest.cpp >&5
configure:2507: $? = 0
configure:2548: result: yes
configure:2580: checking for g++ option to support OpenMP
configure:2595: g++ -o conftest -g -O2   conftest.cpp  >&5
conftest.cpp:11:2: error: 'choke' does not name a type
  choke me
  ^
In file included from conftest.cpp:13:0:
/usr/lib/gcc/x86_64-redhat-linux/4.8.5/include/omp.h:38:3: error: 'omp_lock_t' does not name a type
 } omp_lock_t;
   ^
/usr/lib/gcc/x86_64-redhat-linux/4.8.5/include/omp.h:76:28: error: variable or field 'omp_init_lock' declared void
 extern void omp_init_lock (omp_lock_t *) __GOMP_NOTHROW;
                            ^
/usr/lib/gcc/x86_64-redhat-linux/4.8.5/include/omp.h:76:28: error: 'omp_lock_t' was not declared in this scope
/usr/lib/gcc/x86_64-redhat-linux/4.8.5/include/omp.h:76:40: error: expected primary-expression before ')' token
 extern void omp_init_lock (omp_lock_t *) __GOMP_NOTHROW;
                                        ^
/usr/lib/gcc/x86_64-redhat-linux/4.8.5/include/omp.h:77:31: error: variable or field 'omp_destroy_lock' declared void
 extern void omp_destroy_lock (omp_lock_t *) __GOMP_NOTHROW;
                               ^
/usr/lib/gcc/x86_64-redhat-linux/4.8.5/include/omp.h:77:31: error: 'omp_lock_t' was not declared in this scope
/usr/lib/gcc/x86_64-redhat-linux/4.8.5/include/omp.h:77:43: error: expected primary-expression before ')' token
 extern void omp_destroy_lock (omp_lock_t *) __GOMP_NOTHROW;
                                           ^
/usr/lib/gcc/x86_64-redhat-linux/4.8.5/include/omp.h:78:27: error: variable or field 'omp_set_lock' declared void
 extern void omp_set_lock (omp_lock_t *) __GOMP_NOTHROW;
                           ^
/usr/lib/gcc/x86_64-redhat-linux/4.8.5/include/omp.h:78:27: error: 'omp_lock_t' was not declared in this scope
/usr/lib/gcc/x86_64-redhat-linux/4.8.5/include/omp.h:78:39: error: expected primary-expression before ')' token
 extern void omp_set_lock (omp_lock_t *) __GOMP_NOTHROW;
                                       ^
/usr/lib/gcc/x86_64-redhat-linux/4.8.5/include/omp.h:79:29: error: variable or field 'omp_unset_lock' declared void
 extern void omp_unset_lock (omp_lock_t *) __GOMP_NOTHROW;
                             ^
/usr/lib/gcc/x86_64-redhat-linux/4.8.5/include/omp.h:79:29: error: 'omp_lock_t' was not declared in this scope
/usr/lib/gcc/x86_64-redhat-linux/4.8.5/include/omp.h:79:41: error: expected primary-expression before ')' token
 extern void omp_unset_lock (omp_lock_t *) __GOMP_NOTHROW;
                                         ^
/usr/lib/gcc/x86_64-redhat-linux/4.8.5/include/omp.h:80:27: error: 'omp_lock_t' was not declared in this scope
 extern int omp_test_lock (omp_lock_t *) __GOMP_NOTHROW;
                           ^
/usr/lib/gcc/x86_64-redhat-linux/4.8.5/include/omp.h:80:39: error: expected primary-expression before ')' token
 extern int omp_test_lock (omp_lock_t *) __GOMP_NOTHROW;
                                       ^
/usr/lib/gcc/x86_64-redhat-linux/4.8.5/include/omp.h:80:41: error: expected ',' or ';' before 'throw'
 extern int omp_test_lock (omp_lock_t *) __GOMP_NOTHROW;
                                         ^
configure:2595: $? = 1
configure: failed program was:
| /* confdefs.h */
| #define PACKAGE_NAME ""
| #define PACKAGE_TARNAME ""
| #define PACKAGE_VERSION ""
| #define PACKAGE_STRING ""
| #define PACKAGE_BUGREPORT ""
| #define PACKAGE_URL ""
| /* end confdefs.h.  */
| 
| #ifndef _OPENMP
|  choke me
| #endif
| #include <omp.h>
| int main () { return omp_get_num_threads (); }
| 
configure:2613: g++ -o conftest -g -O2 -fopenmp   conftest.cpp  >&5
configure:2613: $? = 0
configure:2627: result: -fopenmp
configure:2644: checking how to run the C++ preprocessor
configure:2671: g++ -E  conftest.cpp
configure:2671: $? = 0
configure:2685: g++ -E  conftest.cpp
conftest.cpp:9:28: fatal error: ac_nonexistent.h: No such file or directory
 #include <ac_nonexistent.h>
                            ^
compilation terminated.
configure:2685: $? = 1
configure: failed program was:
| /* confdefs.h */
| #define PACKAGE_NAME ""
| #define PACKAGE_TARNAME ""
| #define PACKAGE_VERSION ""
| #define PACKAGE_STRING ""
| #define PACKAGE_BUGREPORT ""
| #define PACKAGE_URL ""
| /* end confdefs.h.  */
| #include <ac_nonexistent.h>
configure:2710: result: g++ -E
configure:2730: g++ -E  conftest.cpp
configure:2730: $? = 0
configure:2744: g++ -E  conftest.cpp
conftest.cpp:9:28: fatal error: ac_nonexistent.h: No such file or directory
 #include <ac_nonexistent.h>
                            ^
compilation terminated.
configure:2744: $? = 1
configure: failed program was:
| /* confdefs.h */
| #define PACKAGE_NAME ""
| #define PACKAGE_TARNAME ""
| #define PACKAGE_VERSION ""
| #define PACKAGE_STRING ""
| #define PACKAGE_BUGREPORT ""
| #define PACKAGE_URL ""
| /* end confdefs.h.  */
| #include <ac_nonexistent.h>
configure:2773: checking for grep that handles long lines and -e
configure:2831: result: /usr/bin/grep
configure:2836: checking for egrep
configure:2898: result: /usr/bin/grep -E
configure:2903: checking for ANSI C header files
configure:2923: g++ -c -g -O2  conftest.cpp >&5
configure:2923: $? = 0
configure:2996: g++ -o conftest -g -O2   conftest.cpp  >&5
configure:2996: $? = 0
configure:2996: ./conftest
configure:2996: $? = 0
configure:3007: result: yes
configure:3020: checking for sys/types.h
configure:3020: g++ -c -g -O2  conftest.cpp >&5
configure:3020: $? = 0
configure:3020: result: yes
configure:3020: checking for sys/stat.h
configure:3020: g++ -c -g -O2  conftest.cpp >&5
configure:3020: $? = 0
configure:3020: result: yes
configure:3020: checking for stdlib.h
configure:3020: g++ -c -g -O2  conftest.cpp >&5
configure:3020: $? = 0
configure:3020: result: yes
configure:3020: checking for string.h
configure:3020: g++ -c -g -O2  conftest.cpp >&5
configure:3020: $? = 0
configure:3020: result: yes
configure:3020: checking for memory.h
configure:3020: g++ -c -g -O2  conftest.cpp >&5
configure:3020: $? = 0
configure:3020: result: yes
configure:3020: checking for strings.h
configure:3020: g++ -c -g -O2  conftest.cpp >&5
configure:3020: $? = 0
configure:3020: result: yes
configure:3020: checking for inttypes.h
configure:3020: g++ -c -g -O2  conftest.cpp >&5
configure:3020: $? = 0
configure:3020: result: yes
configure:3020: checking for stdint.h
configure:3020: g++ -c -g -O2  conftest.cpp >&5
configure:3020: $? = 0
configure:3020: result: yes
configure:3020: checking for unistd.h
configure:3020: g++ -c -g -O2  conftest.cpp >&5
configure:3020: $? = 0
configure:3020: result: yes
configure:3032: checking zlib.h usability
configure:3032: g++ -c -g -O2  conftest.cpp >&5
configure:3032: $? = 0
configure:3032: result: yes
configure:3032: checking zlib.h presence
configure:3032: g++ -E  conftest.cpp
configure:3032: $? = 0
configure:3032: result: yes
configure:3032: checking for zlib.h
configure:3032: result: yes
configure:3052: checking gsl/gsl_cdf.h usability
configure:3052: g++ -c -g -O2 -I/usr//include conftest.cpp >&5
configure:3052: $? = 0
configure:3052: result: yes
configure:3052: checking gsl/gsl_cdf.h presence
configure:3052: g++ -E -I/usr//include conftest.cpp
configure:3052: $? = 0
configure:3052: result: yes
configure:3052: checking for gsl/gsl_cdf.h
configure:3052: result: yes
configure:3253: creating ./config.status

## ---------------------- ##
## Running config.status. ##
## ---------------------- ##

This file was extended by config.status, which was
generated by GNU Autoconf 2.69.  Invocation command line was

  CONFIG_FILES    = 
  CONFIG_HEADERS  = 
  CONFIG_LINKS    = 
  CONFIG_COMMANDS = 
  $ ./config.status 

on localhost.localdomain

config.status:727: creating Makefile

## ---------------- ##
## Cache variables. ##
## ---------------- ##

ac_cv_cxx_compiler_gnu=yes
ac_cv_env_CCC_set=
ac_cv_env_CCC_value=
ac_cv_env_CPPFLAGS_set=
ac_cv_env_CPPFLAGS_value=
ac_cv_env_CXXCPP_set=
ac_cv_env_CXXCPP_value=
ac_cv_env_CXXFLAGS_set=
ac_cv_env_CXXFLAGS_value=
ac_cv_env_CXX_set=
ac_cv_env_CXX_value=
ac_cv_env_LDFLAGS_set=
ac_cv_env_LDFLAGS_value=
ac_cv_env_LIBS_set=
ac_cv_env_LIBS_value=
ac_cv_env_build_alias_set=
ac_cv_env_build_alias_value=
ac_cv_env_host_alias_set=
ac_cv_env_host_alias_value=
ac_cv_env_target_alias_set=
ac_cv_env_target_alias_value=
ac_cv_header_gsl_gsl_cdf_h=yes
ac_cv_header_inttypes_h=yes
ac_cv_header_memory_h=yes
ac_cv_header_stdc=yes
ac_cv_header_stdint_h=yes
ac_cv_header_stdlib_h=yes
ac_cv_header_string_h=yes
ac_cv_header_strings_h=yes
ac_cv_header_sys_stat_h=yes
ac_cv_header_sys_types_h=yes
ac_cv_header_unistd_h=yes
ac_cv_header_zlib_h=yes
ac_cv_objext=o
ac_cv_path_EGREP='/usr/bin/grep -E'
ac_cv_path_GREP=/usr/bin/grep
ac_cv_prog_CXXCPP='g++ -E'
ac_cv_prog_ac_ct_CXX=g++
ac_cv_prog_cxx_g=yes
ac_cv_prog_cxx_openmp=-fopenmp

## ----------------- ##
## Output variables. ##
## ----------------- ##

CPPFLAGS='-I/usr//include'
CXX='g++'
CXXCPP='g++ -E'
CXXFLAGS='-g -O2'
DEFS='-DPACKAGE_NAME=\"\" -DPACKAGE_TARNAME=\"\" -DPACKAGE_VERSION=\"\" -DPACKAGE_STRING=\"\" -DPACKAGE_BUGREPORT=\"\" -DPACKAGE_URL=\"\" -DSTDC_HEADERS=1 -DHAVE_SYS_TYPES_H=1 -DHAVE_SYS_STAT_H=1 -DHAVE_STDLIB_H=1 -DHAVE_STRING_H=1 -DHAVE_MEMORY_H=1 -DHAVE_STRINGS_H=1 -DHAVE_INTTYPES_H=1 -DHAVE_STDINT_H=1 -DHAVE_UNISTD_H=1'
ECHO_C=''
ECHO_N='-n'
ECHO_T=''
EGREP='/usr/bin/grep -E'
EXEEXT=''
GREP='/usr/bin/grep'
LDFLAGS=''
LIBOBJS=''
LIBS=''
LTLIBOBJS=''
OBJEXT='o'
OPENMP_CXXFLAGS='-fopenmp'
PACKAGE_BUGREPORT=''
PACKAGE_NAME=''
PACKAGE_STRING=''
PACKAGE_TARNAME=''
PACKAGE_URL=''
PACKAGE_VERSION=''
PATH_SEPARATOR=':'
SHELL='/bin/sh'
ac_ct_CXX='g++'
amcppflags=''
bindir='${exec_prefix}/bin'
build_alias=''
datadir='${datarootdir}'
datarootdir='${prefix}/share'
docdir='${datarootdir}/doc/${PACKAGE}'
dvidir='${docdir}'
exec_prefix='${prefix}'
host_alias=''
htmldir='${docdir}'
includedir='${prefix}/include'
infodir='${datarootdir}/info'
libdir='${exec_prefix}/lib'
libexecdir='${exec_prefix}/libexec'
localedir='${datarootdir}/locale'
localstatedir='${prefix}/var'
mandir='${datarootdir}/man'
mathinc='/usr//include'
mathlib='-L/usr//lib -lgsl -lgslcblas'
oldincludedir='/usr/include'
pdfdir='${docdir}'
prefix='/usr/local'
program_transform_name='s,x,x,'
psdir='${docdir}'
sbindir='${exec_prefix}/sbin'
sharedstatedir='${prefix}/com'
sysconfdir='${prefix}/etc'
target_alias=''

## ----------- ##
## confdefs.h. ##
## ----------- ##

/* confdefs.h */
#define PACKAGE_NAME ""
#define PACKAGE_TARNAME ""
#define PACKAGE_VERSION ""
#define PACKAGE_STRING ""
#define PACKAGE_BUGREPORT ""
#define PACKAGE_URL ""
#define STDC_HEADERS 1
#define HAVE_SYS_TYPES_H 1
#define HAVE_SYS_STAT_H 1
#define HAVE_STDLIB_H 1
#define HAVE_STRING_H 1
#define HAVE_MEMORY_H 1
#define HAVE_STRINGS_H 1
#define HAVE_INTTYPES_H 1
#define HAVE_STDINT_H 1
#define HAVE_UNISTD_H 1

configure: exit 0
